Build started 11/18/2015 4:51:43 PM.
     1>Project "C:\Program Files (x86)\Steam\steamapps\common\Quake 2\src\game.vcxproj" on node 2 (build target(s)).
     1>InitializeBuildStatus:
         Creating "Template\game.unsuccessfulbuild" because "AlwaysCreate" was specified.
       ClCompile:
         c:\Program Files (x86)\Microsoft Visual Studio 10.0\VC\bin\CL.exe /c /Zi /nologo /W1 /WX- /O2 /Oy- /Gm- /EHsc /MD /GS /fp:precise /Zc:wchar_t /Zc:forScope /Fo"Template\\" /Fd"Template\vc100.pdb" /Gd /TC /analyze- /errorReport:prompt g_ai.c g_chase.c g_cmds.c g_combat.c g_func.c g_items.c g_main.c g_misc.c g_monster.c g_phys.c g_save.c g_spawn.c g_svcmds.c g_target.c g_trigger.c g_turret.c g_utils.c g_weapon.c m_actor.c m_berserk.c m_boss2.c m_boss3.c m_boss31.c m_boss32.c m_brain.c m_chick.c m_flash.c m_flipper.c m_float.c m_flyer.c m_gladiator.c m_gunner.c m_hover.c m_infantry.c m_insane.c m_medic.c m_move.c m_mutant.c m_parasite.c m_soldier.c m_supertank.c m_tank.c p_client.c p_hud.c p_trail.c p_view.c p_weapon.c q_shared.c
         g_ai.c
         g_chase.c
         g_cmds.c
         g_combat.c
         g_func.c
         g_items.c
         g_main.c
         g_misc.c
         g_monster.c
         g_phys.c
         g_save.c
         g_spawn.c
         g_svcmds.c
         g_target.c
         g_trigger.c
         g_turret.c
         g_utils.c
         g_weapon.c
         m_actor.c
         m_berserk.c
         Generating Code...
         Compiling...
         m_boss2.c
         m_boss3.c
         m_boss31.c
         m_boss32.c
         m_brain.c
         m_chick.c
         m_flash.c
         m_flipper.c
         m_float.c
         m_flyer.c
         m_gladiator.c
         m_gunner.c
         m_hover.c
         m_infantry.c
         m_insane.c
         m_medic.c
         m_move.c
         m_mutant.c
         m_parasite.c
         m_soldier.c
         Generating Code...
         Compiling...
         m_supertank.c
         m_tank.c
         p_client.c
         p_hud.c
         p_trail.c
         p_view.c
         p_weapon.c
         q_shared.c
         Generating Code...
       Link:
         c:\Program Files (x86)\Microsoft Visual Studio 10.0\VC\bin\link.exe /ERRORREPORT:PROMPT /OUT:"C:\Program Files (x86)\Steam\steamapps\common\Quake 2\src\Template\game.exe" /NOLOGO kernel32.lib user32.lib gdi32.lib winspool.lib comdlg32.lib advapi32.lib shell32.lib ole32.lib oleaut32.lib uuid.lib odbc32.lib odbccp32.lib /MANIFEST /ManifestFile:"Template\game.exe.intermediate.manifest" /MANIFESTUAC:"level='asInvoker' uiAccess='false'" /PDB:"C:\Program Files (x86)\Steam\steamapps\common\Quake 2\src\Template\game.pdb" /TLBID:1 /DYNAMICBASE /NXCOMPAT /IMPLIB:"C:\Program Files (x86)\Steam\steamapps\common\Quake 2\src\Template\game.lib" /MACHINE:X86 Template\g_ai.obj
         Template\g_chase.obj
         Template\g_cmds.obj
         Template\g_combat.obj
         Template\g_func.obj
         Template\g_items.obj
         Template\g_main.obj
         Template\g_misc.obj
         Template\g_monster.obj
         Template\g_phys.obj
         Template\g_save.obj
         Template\g_spawn.obj
         Template\g_svcmds.obj
         Template\g_target.obj
         Template\g_trigger.obj
         Template\g_turret.obj
         Template\g_utils.obj
         Template\g_weapon.obj
         Template\m_actor.obj
         Template\m_berserk.obj
         Template\m_boss2.obj
         Template\m_boss3.obj
         Template\m_boss31.obj
         Template\m_boss32.obj
         Template\m_brain.obj
         Template\m_chick.obj
         Template\m_flash.obj
         Template\m_flipper.obj
         Template\m_float.obj
         Template\m_flyer.obj
         Template\m_gladiator.obj
         Template\m_gunner.obj
         Template\m_hover.obj
         Template\m_infantry.obj
         Template\m_insane.obj
         Template\m_medic.obj
         Template\m_move.obj
         Template\m_mutant.obj
         Template\m_parasite.obj
         Template\m_soldier.obj
         Template\m_supertank.obj
         Template\m_tank.obj
         Template\p_client.obj
         Template\p_hud.obj
         Template\p_trail.obj
         Template\p_view.obj
         Template\p_weapon.obj
         Template\q_shared.obj
     1>LINK : fatal error LNK1561: entry point must be defined
     1>Done Building Project "C:\Program Files (x86)\Steam\steamapps\common\Quake 2\src\game.vcxproj" (build target(s)) -- FAILED.

Build FAILED.

Time Elapsed 00:00:06.35
