..\baseq2\game.pdb
C:\PROGRAM FILES (X86)\STEAM\STEAMAPPS\COMMON\QUAKE 2\RELEASE\GAMEX86.DLL
C:\Program Files (x86)\Steam\steamapps\common\Quake 2\release\gamex86.exp
C:\Program Files (x86)\Steam\steamapps\common\Quake 2\release\gamex86.lib
C:\Program Files (x86)\Steam\steamapps\common\Quake 2\src\cl.command.1.tlog
C:\Program Files (x86)\Steam\steamapps\common\Quake 2\src\CL.read.1.tlog
C:\Program Files (x86)\Steam\steamapps\common\Quake 2\src\CL.write.1.tlog
C:\PROGRAM FILES (X86)\STEAM\STEAMAPPS\COMMON\QUAKE 2\SRC\GAME.DLL.INTERMEDIATE.MANIFEST
C:\Program Files (x86)\Steam\steamapps\common\Quake 2\src\game.vcxprojResolveAssemblyReference.cache
C:\Program Files (x86)\Steam\steamapps\common\Quake 2\src\game.write.1.tlog
C:\Program Files (x86)\Steam\steamapps\common\Quake 2\src\link.command.1.tlog
C:\Program Files (x86)\Steam\steamapps\common\Quake 2\src\link.read.1.tlog
C:\Program Files (x86)\Steam\steamapps\common\Quake 2\src\link.write.1.tlog
C:\Program Files (x86)\Steam\steamapps\common\Quake 2\src\mt.command.1.tlog
C:\Program Files (x86)\Steam\steamapps\common\Quake 2\src\mt.read.1.tlog
C:\Program Files (x86)\Steam\steamapps\common\Quake 2\src\mt.write.1.tlog
C:\PROGRAM FILES (X86)\STEAM\STEAMAPPS\COMMON\QUAKE 2\SRC\RELEASE\G_AI.OBJ
C:\PROGRAM FILES (X86)\STEAM\STEAMAPPS\COMMON\QUAKE 2\SRC\RELEASE\G_CHASE.OBJ
C:\PROGRAM FILES (X86)\STEAM\STEAMAPPS\COMMON\QUAKE 2\SRC\RELEASE\G_CMDS.OBJ
C:\PROGRAM FILES (X86)\STEAM\STEAMAPPS\COMMON\QUAKE 2\SRC\RELEASE\G_COMBAT.OBJ
C:\PROGRAM FILES (X86)\STEAM\STEAMAPPS\COMMON\QUAKE 2\SRC\RELEASE\G_FUNC.OBJ
C:\PROGRAM FILES (X86)\STEAM\STEAMAPPS\COMMON\QUAKE 2\SRC\RELEASE\G_ITEMS.OBJ
C:\PROGRAM FILES (X86)\STEAM\STEAMAPPS\COMMON\QUAKE 2\SRC\RELEASE\G_MAIN.OBJ
C:\PROGRAM FILES (X86)\STEAM\STEAMAPPS\COMMON\QUAKE 2\SRC\RELEASE\G_MISC.OBJ
C:\PROGRAM FILES (X86)\STEAM\STEAMAPPS\COMMON\QUAKE 2\SRC\RELEASE\G_MONSTER.OBJ
C:\PROGRAM FILES (X86)\STEAM\STEAMAPPS\COMMON\QUAKE 2\SRC\RELEASE\G_PHYS.OBJ
C:\PROGRAM FILES (X86)\STEAM\STEAMAPPS\COMMON\QUAKE 2\SRC\RELEASE\G_SAVE.OBJ
C:\PROGRAM FILES (X86)\STEAM\STEAMAPPS\COMMON\QUAKE 2\SRC\RELEASE\G_SPAWN.OBJ
C:\PROGRAM FILES (X86)\STEAM\STEAMAPPS\COMMON\QUAKE 2\SRC\RELEASE\G_SVCMDS.OBJ
C:\PROGRAM FILES (X86)\STEAM\STEAMAPPS\COMMON\QUAKE 2\SRC\RELEASE\G_TARGET.OBJ
C:\PROGRAM FILES (X86)\STEAM\STEAMAPPS\COMMON\QUAKE 2\SRC\RELEASE\G_TRIGGER.OBJ
C:\PROGRAM FILES (X86)\STEAM\STEAMAPPS\COMMON\QUAKE 2\SRC\RELEASE\G_TURRET.OBJ
C:\PROGRAM FILES (X86)\STEAM\STEAMAPPS\COMMON\QUAKE 2\SRC\RELEASE\G_UTILS.OBJ
C:\PROGRAM FILES (X86)\STEAM\STEAMAPPS\COMMON\QUAKE 2\SRC\RELEASE\G_WEAPON.OBJ
C:\PROGRAM FILES (X86)\STEAM\STEAMAPPS\COMMON\QUAKE 2\SRC\RELEASE\M_ACTOR.OBJ
C:\PROGRAM FILES (X86)\STEAM\STEAMAPPS\COMMON\QUAKE 2\SRC\RELEASE\M_BERSERK.OBJ
C:\PROGRAM FILES (X86)\STEAM\STEAMAPPS\COMMON\QUAKE 2\SRC\RELEASE\M_BOSS2.OBJ
C:\PROGRAM FILES (X86)\STEAM\STEAMAPPS\COMMON\QUAKE 2\SRC\RELEASE\M_BOSS3.OBJ
C:\PROGRAM FILES (X86)\STEAM\STEAMAPPS\COMMON\QUAKE 2\SRC\RELEASE\M_BOSS31.OBJ
C:\PROGRAM FILES (X86)\STEAM\STEAMAPPS\COMMON\QUAKE 2\SRC\RELEASE\M_BOSS32.OBJ
C:\PROGRAM FILES (X86)\STEAM\STEAMAPPS\COMMON\QUAKE 2\SRC\RELEASE\M_BRAIN.OBJ
C:\PROGRAM FILES (X86)\STEAM\STEAMAPPS\COMMON\QUAKE 2\SRC\RELEASE\M_CHICK.OBJ
C:\PROGRAM FILES (X86)\STEAM\STEAMAPPS\COMMON\QUAKE 2\SRC\RELEASE\M_FLASH.OBJ
C:\PROGRAM FILES (X86)\STEAM\STEAMAPPS\COMMON\QUAKE 2\SRC\RELEASE\M_FLIPPER.OBJ
C:\PROGRAM FILES (X86)\STEAM\STEAMAPPS\COMMON\QUAKE 2\SRC\RELEASE\M_FLOAT.OBJ
C:\PROGRAM FILES (X86)\STEAM\STEAMAPPS\COMMON\QUAKE 2\SRC\RELEASE\M_FLYER.OBJ
C:\PROGRAM FILES (X86)\STEAM\STEAMAPPS\COMMON\QUAKE 2\SRC\RELEASE\M_GLADIATOR.OBJ
C:\PROGRAM FILES (X86)\STEAM\STEAMAPPS\COMMON\QUAKE 2\SRC\RELEASE\M_GUNNER.OBJ
C:\PROGRAM FILES (X86)\STEAM\STEAMAPPS\COMMON\QUAKE 2\SRC\RELEASE\M_HOVER.OBJ
C:\PROGRAM FILES (X86)\STEAM\STEAMAPPS\COMMON\QUAKE 2\SRC\RELEASE\M_INFANTRY.OBJ
C:\PROGRAM FILES (X86)\STEAM\STEAMAPPS\COMMON\QUAKE 2\SRC\RELEASE\M_INSANE.OBJ
C:\PROGRAM FILES (X86)\STEAM\STEAMAPPS\COMMON\QUAKE 2\SRC\RELEASE\M_MEDIC.OBJ
C:\PROGRAM FILES (X86)\STEAM\STEAMAPPS\COMMON\QUAKE 2\SRC\RELEASE\M_MOVE.OBJ
C:\PROGRAM FILES (X86)\STEAM\STEAMAPPS\COMMON\QUAKE 2\SRC\RELEASE\M_MUTANT.OBJ
C:\PROGRAM FILES (X86)\STEAM\STEAMAPPS\COMMON\QUAKE 2\SRC\RELEASE\M_PARASITE.OBJ
C:\PROGRAM FILES (X86)\STEAM\STEAMAPPS\COMMON\QUAKE 2\SRC\RELEASE\M_SOLDIER.OBJ
C:\PROGRAM FILES (X86)\STEAM\STEAMAPPS\COMMON\QUAKE 2\SRC\RELEASE\M_SUPERTANK.OBJ
C:\PROGRAM FILES (X86)\STEAM\STEAMAPPS\COMMON\QUAKE 2\SRC\RELEASE\M_TANK.OBJ
C:\PROGRAM FILES (X86)\STEAM\STEAMAPPS\COMMON\QUAKE 2\SRC\RELEASE\P_CLIENT.OBJ
C:\PROGRAM FILES (X86)\STEAM\STEAMAPPS\COMMON\QUAKE 2\SRC\RELEASE\P_HUD.OBJ
C:\PROGRAM FILES (X86)\STEAM\STEAMAPPS\COMMON\QUAKE 2\SRC\RELEASE\P_TRAIL.OBJ
C:\PROGRAM FILES (X86)\STEAM\STEAMAPPS\COMMON\QUAKE 2\SRC\RELEASE\P_VIEW.OBJ
C:\PROGRAM FILES (X86)\STEAM\STEAMAPPS\COMMON\QUAKE 2\SRC\RELEASE\P_WEAPON.OBJ
C:\PROGRAM FILES (X86)\STEAM\STEAMAPPS\COMMON\QUAKE 2\SRC\RELEASE\Q_SHARED.OBJ
