.\..\DebugAxp\game.pdb
C:\PROGRAM FILES (X86)\STEAM\STEAMAPPS\COMMON\QUAKE 2\DEBUGAXP\GAME.PDB
C:\PROGRAM FILES (X86)\STEAM\STEAMAPPS\COMMON\QUAKE 2\DEBUGAXP\GAMEAXP.DLL
C:\Program Files (x86)\Steam\steamapps\common\Quake 2\DebugAxp\gameaxp.exp
C:\PROGRAM FILES (X86)\STEAM\STEAMAPPS\COMMON\QUAKE 2\DEBUGAXP\GAMEAXP.ILK
C:\Program Files (x86)\Steam\steamapps\common\Quake 2\DebugAxp\gameaxp.lib
C:\Program Files (x86)\Steam\steamapps\common\Quake 2\src\DebugAxp\cl.command.1.tlog
C:\Program Files (x86)\Steam\steamapps\common\Quake 2\src\DebugAxp\CL.read.1.tlog
C:\Program Files (x86)\Steam\steamapps\common\Quake 2\src\DebugAxp\CL.write.1.tlog
C:\PROGRAM FILES (X86)\STEAM\STEAMAPPS\COMMON\QUAKE 2\SRC\DEBUGAXP\G_AI.OBJ
C:\PROGRAM FILES (X86)\STEAM\STEAMAPPS\COMMON\QUAKE 2\SRC\DEBUGAXP\G_CHASE.OBJ
C:\PROGRAM FILES (X86)\STEAM\STEAMAPPS\COMMON\QUAKE 2\SRC\DEBUGAXP\G_CMDS.OBJ
C:\PROGRAM FILES (X86)\STEAM\STEAMAPPS\COMMON\QUAKE 2\SRC\DEBUGAXP\G_COMBAT.OBJ
C:\PROGRAM FILES (X86)\STEAM\STEAMAPPS\COMMON\QUAKE 2\SRC\DEBUGAXP\G_FUNC.OBJ
C:\PROGRAM FILES (X86)\STEAM\STEAMAPPS\COMMON\QUAKE 2\SRC\DEBUGAXP\G_ITEMS.OBJ
C:\PROGRAM FILES (X86)\STEAM\STEAMAPPS\COMMON\QUAKE 2\SRC\DEBUGAXP\G_MAIN.OBJ
C:\PROGRAM FILES (X86)\STEAM\STEAMAPPS\COMMON\QUAKE 2\SRC\DEBUGAXP\G_MISC.OBJ
C:\PROGRAM FILES (X86)\STEAM\STEAMAPPS\COMMON\QUAKE 2\SRC\DEBUGAXP\G_MONSTER.OBJ
C:\PROGRAM FILES (X86)\STEAM\STEAMAPPS\COMMON\QUAKE 2\SRC\DEBUGAXP\G_PHYS.OBJ
C:\PROGRAM FILES (X86)\STEAM\STEAMAPPS\COMMON\QUAKE 2\SRC\DEBUGAXP\G_SAVE.OBJ
C:\PROGRAM FILES (X86)\STEAM\STEAMAPPS\COMMON\QUAKE 2\SRC\DEBUGAXP\G_SPAWN.OBJ
C:\PROGRAM FILES (X86)\STEAM\STEAMAPPS\COMMON\QUAKE 2\SRC\DEBUGAXP\G_SVCMDS.OBJ
C:\PROGRAM FILES (X86)\STEAM\STEAMAPPS\COMMON\QUAKE 2\SRC\DEBUGAXP\G_TARGET.OBJ
C:\PROGRAM FILES (X86)\STEAM\STEAMAPPS\COMMON\QUAKE 2\SRC\DEBUGAXP\G_TRIGGER.OBJ
C:\PROGRAM FILES (X86)\STEAM\STEAMAPPS\COMMON\QUAKE 2\SRC\DEBUGAXP\G_TURRET.OBJ
C:\PROGRAM FILES (X86)\STEAM\STEAMAPPS\COMMON\QUAKE 2\SRC\DEBUGAXP\G_UTILS.OBJ
C:\PROGRAM FILES (X86)\STEAM\STEAMAPPS\COMMON\QUAKE 2\SRC\DEBUGAXP\G_WEAPON.OBJ
C:\PROGRAM FILES (X86)\STEAM\STEAMAPPS\COMMON\QUAKE 2\SRC\DEBUGAXP\GAME.DLL.EMBED.MANIFEST
C:\PROGRAM FILES (X86)\STEAM\STEAMAPPS\COMMON\QUAKE 2\SRC\DEBUGAXP\GAME.DLL.EMBED.MANIFEST.RES
C:\PROGRAM FILES (X86)\STEAM\STEAMAPPS\COMMON\QUAKE 2\SRC\DEBUGAXP\GAME.DLL.INTERMEDIATE.MANIFEST
C:\Program Files (x86)\Steam\steamapps\common\Quake 2\src\DebugAxp\game.vcxprojResolveAssemblyReference.cache
C:\Program Files (x86)\Steam\steamapps\common\Quake 2\src\DebugAxp\game.write.1.tlog
C:\Program Files (x86)\Steam\steamapps\common\Quake 2\src\DebugAxp\game_manifest.rc
C:\Program Files (x86)\Steam\steamapps\common\Quake 2\src\DebugAxp\link.7060.read.1.tlog
C:\Program Files (x86)\Steam\steamapps\common\Quake 2\src\DebugAxp\link.7060.write.1.tlog
C:\Program Files (x86)\Steam\steamapps\common\Quake 2\src\DebugAxp\link.7060-cvtres.read.1.tlog
C:\Program Files (x86)\Steam\steamapps\common\Quake 2\src\DebugAxp\link.7060-cvtres.write.1.tlog
C:\Program Files (x86)\Steam\steamapps\common\Quake 2\src\DebugAxp\link.command.1.tlog
C:\Program Files (x86)\Steam\steamapps\common\Quake 2\src\DebugAxp\link.read.1.tlog
C:\Program Files (x86)\Steam\steamapps\common\Quake 2\src\DebugAxp\link.write.1.tlog
C:\Program Files (x86)\Steam\steamapps\common\Quake 2\src\DebugAxp\link-cvtres.read.1.tlog
C:\Program Files (x86)\Steam\steamapps\common\Quake 2\src\DebugAxp\link-cvtres.write.1.tlog
C:\PROGRAM FILES (X86)\STEAM\STEAMAPPS\COMMON\QUAKE 2\SRC\DEBUGAXP\M_ACTOR.OBJ
C:\PROGRAM FILES (X86)\STEAM\STEAMAPPS\COMMON\QUAKE 2\SRC\DEBUGAXP\M_BERSERK.OBJ
C:\PROGRAM FILES (X86)\STEAM\STEAMAPPS\COMMON\QUAKE 2\SRC\DEBUGAXP\M_BOSS2.OBJ
C:\PROGRAM FILES (X86)\STEAM\STEAMAPPS\COMMON\QUAKE 2\SRC\DEBUGAXP\M_BOSS3.OBJ
C:\PROGRAM FILES (X86)\STEAM\STEAMAPPS\COMMON\QUAKE 2\SRC\DEBUGAXP\M_BOSS31.OBJ
C:\PROGRAM FILES (X86)\STEAM\STEAMAPPS\COMMON\QUAKE 2\SRC\DEBUGAXP\M_BOSS32.OBJ
C:\PROGRAM FILES (X86)\STEAM\STEAMAPPS\COMMON\QUAKE 2\SRC\DEBUGAXP\M_BRAIN.OBJ
C:\PROGRAM FILES (X86)\STEAM\STEAMAPPS\COMMON\QUAKE 2\SRC\DEBUGAXP\M_CHICK.OBJ
C:\PROGRAM FILES (X86)\STEAM\STEAMAPPS\COMMON\QUAKE 2\SRC\DEBUGAXP\M_FLASH.OBJ
C:\PROGRAM FILES (X86)\STEAM\STEAMAPPS\COMMON\QUAKE 2\SRC\DEBUGAXP\M_FLIPPER.OBJ
C:\PROGRAM FILES (X86)\STEAM\STEAMAPPS\COMMON\QUAKE 2\SRC\DEBUGAXP\M_FLOAT.OBJ
C:\PROGRAM FILES (X86)\STEAM\STEAMAPPS\COMMON\QUAKE 2\SRC\DEBUGAXP\M_FLYER.OBJ
C:\PROGRAM FILES (X86)\STEAM\STEAMAPPS\COMMON\QUAKE 2\SRC\DEBUGAXP\M_GLADIATOR.OBJ
C:\PROGRAM FILES (X86)\STEAM\STEAMAPPS\COMMON\QUAKE 2\SRC\DEBUGAXP\M_GUNNER.OBJ
C:\PROGRAM FILES (X86)\STEAM\STEAMAPPS\COMMON\QUAKE 2\SRC\DEBUGAXP\M_HOVER.OBJ
C:\PROGRAM FILES (X86)\STEAM\STEAMAPPS\COMMON\QUAKE 2\SRC\DEBUGAXP\M_INFANTRY.OBJ
C:\PROGRAM FILES (X86)\STEAM\STEAMAPPS\COMMON\QUAKE 2\SRC\DEBUGAXP\M_INSANE.OBJ
C:\PROGRAM FILES (X86)\STEAM\STEAMAPPS\COMMON\QUAKE 2\SRC\DEBUGAXP\M_MEDIC.OBJ
C:\PROGRAM FILES (X86)\STEAM\STEAMAPPS\COMMON\QUAKE 2\SRC\DEBUGAXP\M_MOVE.OBJ
C:\PROGRAM FILES (X86)\STEAM\STEAMAPPS\COMMON\QUAKE 2\SRC\DEBUGAXP\M_MUTANT.OBJ
C:\PROGRAM FILES (X86)\STEAM\STEAMAPPS\COMMON\QUAKE 2\SRC\DEBUGAXP\M_PARASITE.OBJ
C:\PROGRAM FILES (X86)\STEAM\STEAMAPPS\COMMON\QUAKE 2\SRC\DEBUGAXP\M_SOLDIER.OBJ
C:\PROGRAM FILES (X86)\STEAM\STEAMAPPS\COMMON\QUAKE 2\SRC\DEBUGAXP\M_SUPERTANK.OBJ
C:\PROGRAM FILES (X86)\STEAM\STEAMAPPS\COMMON\QUAKE 2\SRC\DEBUGAXP\M_TANK.OBJ
C:\Program Files (x86)\Steam\steamapps\common\Quake 2\src\DebugAxp\mt.command.1.tlog
C:\Program Files (x86)\Steam\steamapps\common\Quake 2\src\DebugAxp\mt.read.1.tlog
C:\Program Files (x86)\Steam\steamapps\common\Quake 2\src\DebugAxp\mt.write.1.tlog
C:\PROGRAM FILES (X86)\STEAM\STEAMAPPS\COMMON\QUAKE 2\SRC\DEBUGAXP\P_CLIENT.OBJ
C:\PROGRAM FILES (X86)\STEAM\STEAMAPPS\COMMON\QUAKE 2\SRC\DEBUGAXP\P_HUD.OBJ
C:\PROGRAM FILES (X86)\STEAM\STEAMAPPS\COMMON\QUAKE 2\SRC\DEBUGAXP\P_TRAIL.OBJ
C:\PROGRAM FILES (X86)\STEAM\STEAMAPPS\COMMON\QUAKE 2\SRC\DEBUGAXP\P_VIEW.OBJ
C:\PROGRAM FILES (X86)\STEAM\STEAMAPPS\COMMON\QUAKE 2\SRC\DEBUGAXP\P_WEAPON.OBJ
C:\PROGRAM FILES (X86)\STEAM\STEAMAPPS\COMMON\QUAKE 2\SRC\DEBUGAXP\Q_SHARED.OBJ
C:\Program Files (x86)\Steam\steamapps\common\Quake 2\src\DebugAxp\rc.command.1.tlog
C:\Program Files (x86)\Steam\steamapps\common\Quake 2\src\DebugAxp\rc.read.1.tlog
C:\Program Files (x86)\Steam\steamapps\common\Quake 2\src\DebugAxp\rc.write.1.tlog
C:\PROGRAM FILES (X86)\STEAM\STEAMAPPS\COMMON\QUAKE 2\SRC\DEBUGAXP\VC100.PDB
